<html>
<head>
<title>TestNG:  Default test</title>
<link href="../testng.css" rel="stylesheet" type="text/css" />
<link href="../my-testng.css" rel="stylesheet" type="text/css" />

<style type="text/css">
.log { display: none;} 
.stack-trace { display: none;} 
</style>
<script type="text/javascript">
<!--
function flip(e) {
  current = e.style.display;
  if (current == 'block') {
    e.style.display = 'none';
    return 0;
  }
  else {
    e.style.display = 'block';
    return 1;
  }
}

function toggleBox(szDivId, elem, msg1, msg2)
{
  var res = -1;  if (document.getElementById) {
    res = flip(document.getElementById(szDivId));
  }
  else if (document.all) {
    // this is the way old msie versions work
    res = flip(document.all[szDivId]);
  }
  if(elem) {
    if(res == 0) elem.innerHTML = msg1; else elem.innerHTML = msg2;
  }

}

function toggleAllBoxes() {
  if (document.getElementsByTagName) {
    d = document.getElementsByTagName('div');
    for (i = 0; i < d.length; i++) {
      if (d[i].className == 'log') {
        flip(d[i]);
      }
    }
  }
}

// -->
</script>

</head>
<body>
<h2 align='center'>Default test</h2><table border='1' align="center">
<tr>
<td>Tests passed/Failed/Skipped:</td><td>16/1/0</td>
</tr><tr>
<td>Started on:</td><td>Fri Dec 15 00:10:06 IST 2023</td>
</tr>
<tr><td>Total time:</td><td>120 seconds (120471 ms)</td>
</tr><tr>
<td>Included groups:</td><td></td>
</tr><tr>
<td>Excluded groups:</td><td></td>
</tr>
</table><p/>
<small><i>(Hover the method name to see the test class name)</i></small><p/>
<table width='100%' border='1' class='invocation-failed'>
<tr><td colspan='4' align='center'><b>FAILED TESTS</b></td></tr>
<tr><td><b>Test method</b></td>
<td width="30%"><b>Exception</b></td>
<td width="10%"><b>Time (seconds)</b></td>
<td><b>Instance</b></td>
</tr>
<tr>
<td title='cucumber.Options.runner.runScenario()'><b>runScenario</b><br>Test class: cucumber.Options.runner<br>Test method: Runs Cucumber Scenarios<br>Parameters: "Validate the checkout Information with valid Details", "Checkcout funtionality"</td>
<td><div><pre>org.openqa.selenium.NoSuchWindowException: no such window: target window already closed
from unknown error: web view not found
  (Session info: chrome=120.0.6099.71)
Build info: version: &apos;4.15.0&apos;, revision: &apos;1d14b5521b&apos;
System info: os.name: &apos;Windows 10&apos;, os.arch: &apos;amd64&apos;, os.version: &apos;10.0&apos;, java.version: &apos;20.0.2&apos;
Driver info: org.openqa.selenium.chrome.ChromeDriver
Command: [739aa11be6f557685cbb68297c868c02, findElement {using=xpath, value=(//div[@class=&quot;inventory_item_name&quot;])[1]}]
Capabilities {acceptInsecureCerts: false, browserName: chrome, browserVersion: 120.0.6099.71, chrome: {chromedriverVersion: 120.0.6099.71 (9729082fe617..., userDataDir: C:\Users\dell\AppData\Local...}, fedcm:accounts: true, goog:chromeOptions: {debuggerAddress: localhost:51299}, networkConnectionEnabled: false, pageLoadStrategy: normal, platformName: windows, proxy: Proxy(), se:cdp: ws://localhost:51299/devtoo..., se:cdpVersion: 120.0.6099.71, setWindowRect: true, strictFileInteractability: false, timeouts: {implicit: 0, pageLoad: 300000, script: 30000}, unhandledPromptBehavior: dismiss and notify, webauthn:extension:credBlob: true, webauthn:extension:largeBlob: true, webauthn:extension:minPinLength: true, webauthn:extension:prf: true, webauthn:virtualAuthenticators: true}
Session ID: 739aa11be6f557685cbb68297c868c02
	at java.base/jdk.internal.reflect.DirectConstructorHandleAccessor.newInstance(DirectConstructorHandleAccessor.java:67)
	at java.base/java.lang.reflect.Constructor.newInstanceWithCaller(Constructor.java:500)
	at java.base/java.lang.reflect.Constructor.newInstance(Constructor.java:484)
	at org.openqa.selenium.remote.codec.w3c.W3CHttpResponseCodec.createException(W3CHttpResponseCodec.java:200)
	at org.openqa.selenium.remote.codec.w3c.W3CHttpResponseCodec.decode(W3CHttpResponseCodec.java:133)
	at org.openqa.selenium.remote.codec.w3c.W3CHttpResponseCodec.decode(W3CHttpResponseCodec.java:52)
	at org.openqa.selenium.remote.HttpCommandExecutor.execute(HttpCommandExecutor.java:191)
	at org.openqa.selenium.remote.service.DriverCommandExecutor.invokeExecute(DriverCommandExecutor.java:200)
	at org.openqa.selenium.remote.service.DriverCommandExecutor.execute(DriverCommandExecutor.java:175)
	at org.openqa.selenium.remote.RemoteWebDriver.execute(RemoteWebDriver.java:607)
	at org.openqa.selenium.remote.ElementLocation$ElementFinder$2.findElement(ElementLocation.java:165)
	at org.openqa.selenium.remote.ElementLocation.findElement(ElementLocation.java:59)
	at org.openqa.selenium.remote.RemoteWebDriver.findElement(RemoteWebDriver.java:364)
	at org.openqa.selenium.remote.RemoteWebDriver.findElement(RemoteWebDriver.java:358)
	at page.productPage.click_the_bagpack_picture(productPage.java:10)
	at stepDefination.productPageStep.click_the_bagpack_picture(productPageStep.java:10)
	at ✽.Click  the bagpack picture(file:///C:/Users/dell/Desktop/apache-maven-3.9.4/bin/com.selenium3/src/test/java/features/checkout.feature:30)
</pre></div><a href='#' onClick='toggleBox("stack-trace1532915766", this, "Click to show all stack frames", "Click to hide stack frames")'>Click to show all stack frames</a>
<div class='stack-trace' id='stack-trace1532915766'><pre>org.openqa.selenium.NoSuchWindowException: no such window: target window already closed
from unknown error: web view not found
  (Session info: chrome=120.0.6099.71)
Build info: version: &apos;4.15.0&apos;, revision: &apos;1d14b5521b&apos;
System info: os.name: &apos;Windows 10&apos;, os.arch: &apos;amd64&apos;, os.version: &apos;10.0&apos;, java.version: &apos;20.0.2&apos;
Driver info: org.openqa.selenium.chrome.ChromeDriver
Command: [739aa11be6f557685cbb68297c868c02, findElement {using=xpath, value=(//div[@class=&quot;inventory_item_name&quot;])[1]}]
Capabilities {acceptInsecureCerts: false, browserName: chrome, browserVersion: 120.0.6099.71, chrome: {chromedriverVersion: 120.0.6099.71 (9729082fe617..., userDataDir: C:\Users\dell\AppData\Local...}, fedcm:accounts: true, goog:chromeOptions: {debuggerAddress: localhost:51299}, networkConnectionEnabled: false, pageLoadStrategy: normal, platformName: windows, proxy: Proxy(), se:cdp: ws://localhost:51299/devtoo..., se:cdpVersion: 120.0.6099.71, setWindowRect: true, strictFileInteractability: false, timeouts: {implicit: 0, pageLoad: 300000, script: 30000}, unhandledPromptBehavior: dismiss and notify, webauthn:extension:credBlob: true, webauthn:extension:largeBlob: true, webauthn:extension:minPinLength: true, webauthn:extension:prf: true, webauthn:virtualAuthenticators: true}
Session ID: 739aa11be6f557685cbb68297c868c02
	at java.base/jdk.internal.reflect.DirectConstructorHandleAccessor.newInstance(DirectConstructorHandleAccessor.java:67)
	at java.base/java.lang.reflect.Constructor.newInstanceWithCaller(Constructor.java:500)
	at java.base/java.lang.reflect.Constructor.newInstance(Constructor.java:484)
	at org.openqa.selenium.remote.codec.w3c.W3CHttpResponseCodec.createException(W3CHttpResponseCodec.java:200)
	at org.openqa.selenium.remote.codec.w3c.W3CHttpResponseCodec.decode(W3CHttpResponseCodec.java:133)
	at org.openqa.selenium.remote.codec.w3c.W3CHttpResponseCodec.decode(W3CHttpResponseCodec.java:52)
	at org.openqa.selenium.remote.HttpCommandExecutor.execute(HttpCommandExecutor.java:191)
	at org.openqa.selenium.remote.service.DriverCommandExecutor.invokeExecute(DriverCommandExecutor.java:200)
	at org.openqa.selenium.remote.service.DriverCommandExecutor.execute(DriverCommandExecutor.java:175)
	at org.openqa.selenium.remote.RemoteWebDriver.execute(RemoteWebDriver.java:607)
	at org.openqa.selenium.remote.ElementLocation$ElementFinder$2.findElement(ElementLocation.java:165)
	at org.openqa.selenium.remote.ElementLocation.findElement(ElementLocation.java:59)
	at org.openqa.selenium.remote.RemoteWebDriver.findElement(RemoteWebDriver.java:364)
	at org.openqa.selenium.remote.RemoteWebDriver.findElement(RemoteWebDriver.java:358)
	at page.productPage.click_the_bagpack_picture(productPage.java:10)
	at stepDefination.productPageStep.click_the_bagpack_picture(productPageStep.java:10)
	at ✽.Click  the bagpack picture(file:///C:/Users/dell/Desktop/apache-maven-3.9.4/bin/com.selenium3/src/test/java/features/checkout.feature:30)
</pre></div></td>
<td>5</td>
<td>cucumber.Options.runner@10e31a9a</td></tr>
</table><p>
<table width='100%' border='1' class='invocation-passed'>
<tr><td colspan='4' align='center'><b>PASSED TESTS</b></td></tr>
<tr><td><b>Test method</b></td>
<td width="30%"><b>Exception</b></td>
<td width="10%"><b>Time (seconds)</b></td>
<td><b>Instance</b></td>
</tr>
<tr>
<td title='cucumber.Options.runner.runScenario()'><b>runScenario</b><br>Test class: cucumber.Options.runner<br>Test method: Runs Cucumber Scenarios<br>Parameters: "validate the about product", "Check the navbar funtionality"</td>
<td></td>
<td>18</td>
<td>cucumber.Options.runner@10e31a9a</td></tr>
<tr>
<td title='cucumber.Options.runner.runScenario()'><b>runScenario</b><br>Test class: cucumber.Options.runner<br>Test method: Runs Cucumber Scenarios<br>Parameters: "Validate the checkout Information with Invalid Details", "Checkcout funtionality"</td>
<td></td>
<td>6</td>
<td>cucumber.Options.runner@10e31a9a</td></tr>
<tr>
<td title='cucumber.Options.runner.runScenario()'><b>runScenario</b><br>Test class: cucumber.Options.runner<br>Test method: Runs Cucumber Scenarios<br>Parameters: "Validate the Product", "Product Functionality"</td>
<td></td>
<td>4</td>
<td>cucumber.Options.runner@10e31a9a</td></tr>
<tr>
<td title='cucumber.Options.runner.runScenario()'><b>runScenario</b><br>Test class: cucumber.Options.runner<br>Test method: Runs Cucumber Scenarios<br>Parameters: "Validate the  username and password with valid details", "validate the login Functionality"</td>
<td></td>
<td>2</td>
<td>cucumber.Options.runner@10e31a9a</td></tr>
<tr>
<td title='cucumber.Options.runner.runScenario()'><b>runScenario</b><br>Test class: cucumber.Options.runner<br>Test method: Runs Cucumber Scenarios<br>Parameters: "Validate the  username and password with valid details", "validate the login Functionality"</td>
<td></td>
<td>3</td>
<td>cucumber.Options.runner@10e31a9a</td></tr>
<tr>
<td title='cucumber.Options.runner.runScenario()'><b>runScenario</b><br>Test class: cucumber.Options.runner<br>Test method: Runs Cucumber Scenarios<br>Parameters: "Validate the checkout", "Checkcout funtionality"</td>
<td></td>
<td>15</td>
<td>cucumber.Options.runner@10e31a9a</td></tr>
<tr>
<td title='cucumber.Options.runner.runScenario()'><b>runScenario</b><br>Test class: cucumber.Options.runner<br>Test method: Runs Cucumber Scenarios<br>Parameters: "Validate the Product remove to addtocart", "Product Functionality"</td>
<td></td>
<td>4</td>
<td>cucumber.Options.runner@10e31a9a</td></tr>
<tr>
<td title='cucumber.Options.runner.runScenario()'><b>runScenario</b><br>Test class: cucumber.Options.runner<br>Test method: Runs Cucumber Scenarios<br>Parameters: "Validate the checkout Information with valid Details", "Checkcout funtionality"</td>
<td></td>
<td>7</td>
<td>cucumber.Options.runner@10e31a9a</td></tr>
<tr>
<td title='cucumber.Options.runner.runScenario()'><b>runScenario</b><br>Test class: cucumber.Options.runner<br>Test method: Runs Cucumber Scenarios<br>Parameters: "Validate the  username and password with valid details", "validate the login Functionality"</td>
<td></td>
<td>4</td>
<td>cucumber.Options.runner@10e31a9a</td></tr>
<tr>
<td title='cucumber.Options.runner.runScenario()'><b>runScenario</b><br>Test class: cucumber.Options.runner<br>Test method: Runs Cucumber Scenarios<br>Parameters: "validate the all item product", "Check the navbar funtionality"</td>
<td></td>
<td>16</td>
<td>cucumber.Options.runner@10e31a9a</td></tr>
<tr>
<td title='cucumber.Options.runner.runScenario()'><b>runScenario</b><br>Test class: cucumber.Options.runner<br>Test method: Runs Cucumber Scenarios<br>Parameters: "validate the logout product", "Check the navbar funtionality"</td>
<td></td>
<td>5</td>
<td>cucumber.Options.runner@10e31a9a</td></tr>
<tr>
<td title='cucumber.Options.runner.runScenario()'><b>runScenario</b><br>Test class: cucumber.Options.runner<br>Test method: Runs Cucumber Scenarios<br>Parameters: "Validate the  username and password with valid details", "validate the login Functionality"</td>
<td></td>
<td>3</td>
<td>cucumber.Options.runner@10e31a9a</td></tr>
<tr>
<td title='cucumber.Options.runner.runScenario()'><b>runScenario</b><br>Test class: cucumber.Options.runner<br>Test method: Runs Cucumber Scenarios<br>Parameters: "Validate the username and password with valid details", "validate the login Functionality"</td>
<td></td>
<td>4</td>
<td>cucumber.Options.runner@10e31a9a</td></tr>
<tr>
<td title='cucumber.Options.runner.runScenario()'><b>runScenario</b><br>Test class: cucumber.Options.runner<br>Test method: Runs Cucumber Scenarios<br>Parameters: "validate the reset app state product", "Check the navbar funtionality"</td>
<td></td>
<td>4</td>
<td>cucumber.Options.runner@10e31a9a</td></tr>
<tr>
<td title='cucumber.Options.runner.runScenario()'><b>runScenario</b><br>Test class: cucumber.Options.runner<br>Test method: Runs Cucumber Scenarios<br>Parameters: "Validate the checkout Information with Invalid Details", "Checkcout funtionality"</td>
<td></td>
<td>8</td>
<td>cucumber.Options.runner@10e31a9a</td></tr>
<tr>
<td title='cucumber.Options.runner.runScenario()'><b>runScenario</b><br>Test class: cucumber.Options.runner<br>Test method: Runs Cucumber Scenarios<br>Parameters: "Validate the Product remove to addtocart", "Product Functionality"</td>
<td></td>
<td>4</td>
<td>cucumber.Options.runner@10e31a9a</td></tr>
</table><p>
</body>
</html>