<?xml version="1.0" encoding="UTF-8"?>
<!-- Generated by org.testng.reporters.JUnitReportReporter -->
<testsuite hostname="DESKTOP-P8T565E" failures="0" tests="17" name="cucumber.Options.runner" time="118.167" errors="1" timestamp="2023-12-15T00:12:06 IST" skipped="0">
  <testcase classname="cucumber.Options.runner" name="runScenario" time="18.038"/>
  <system-out/>
  <testcase classname="cucumber.Options.runner" name="runScenario" time="6.360"/>
  <system-out/>
  <testcase classname="cucumber.Options.runner" name="runScenario" time="5.113">
    <error message="no such window: target window already closed
from unknown error: web view not found
  (Session info: chrome=120.0.6099.71)
Build info: version: &#039;4.15.0&#039;, revision: &#039;1d14b5521b&#039;
System info: os.name: &#039;Windows 10&#039;, os.arch: &#039;amd64&#039;, os.version: &#039;10.0&#039;, java.version: &#039;20.0.2&#039;
Driver info: org.openqa.selenium.chrome.ChromeDriver
Command: [739aa11be6f557685cbb68297c868c02, findElement {using=xpath, value=(//div[@class=&quot;inventory_item_name&quot;])[1]}]
Capabilities {acceptInsecureCerts: false, browserName: chrome, browserVersion: 120.0.6099.71, chrome: {chromedriverVersion: 120.0.6099.71 (9729082fe617..., userDataDir: C:\Users\dell\AppData\Local...}, fedcm:accounts: true, goog:chromeOptions: {debuggerAddress: localhost:51299}, networkConnectionEnabled: false, pageLoadStrategy: normal, platformName: windows, proxy: Proxy(), se:cdp: ws://localhost:51299/devtoo..., se:cdpVersion: 120.0.6099.71, setWindowRect: true, strictFileInteractability: false, timeouts: {implicit: 0, pageLoad: 300000, script: 30000}, unhandledPromptBehavior: dismiss and notify, webauthn:extension:credBlob: true, webauthn:extension:largeBlob: true, webauthn:extension:minPinLength: true, webauthn:extension:prf: true, webauthn:virtualAuthenticators: true}
Session ID: 739aa11be6f557685cbb68297c868c02" type="org.openqa.selenium.NoSuchWindowException">
      <![CDATA[org.openqa.selenium.NoSuchWindowException: no such window: target window already closed
from unknown error: web view not found
  (Session info: chrome=120.0.6099.71)
Build info: version: '4.15.0', revision: '1d14b5521b'
System info: os.name: 'Windows 10', os.arch: 'amd64', os.version: '10.0', java.version: '20.0.2'
Driver info: org.openqa.selenium.chrome.ChromeDriver
Command: [739aa11be6f557685cbb68297c868c02, findElement {using=xpath, value=(//div[@class="inventory_item_name"])[1]}]
Capabilities {acceptInsecureCerts: false, browserName: chrome, browserVersion: 120.0.6099.71, chrome: {chromedriverVersion: 120.0.6099.71 (9729082fe617..., userDataDir: C:\Users\dell\AppData\Local...}, fedcm:accounts: true, goog:chromeOptions: {debuggerAddress: localhost:51299}, networkConnectionEnabled: false, pageLoadStrategy: normal, platformName: windows, proxy: Proxy(), se:cdp: ws://localhost:51299/devtoo..., se:cdpVersion: 120.0.6099.71, setWindowRect: true, strictFileInteractability: false, timeouts: {implicit: 0, pageLoad: 300000, script: 30000}, unhandledPromptBehavior: dismiss and notify, webauthn:extension:credBlob: true, webauthn:extension:largeBlob: true, webauthn:extension:minPinLength: true, webauthn:extension:prf: true, webauthn:virtualAuthenticators: true}
Session ID: 739aa11be6f557685cbb68297c868c02
at java.base/jdk.internal.reflect.DirectConstructorHandleAccessor.newInstance(DirectConstructorHandleAccessor.java:67)
at java.base/java.lang.reflect.Constructor.newInstanceWithCaller(Constructor.java:500)
at java.base/java.lang.reflect.Constructor.newInstance(Constructor.java:484)
at org.openqa.selenium.remote.codec.w3c.W3CHttpResponseCodec.createException(W3CHttpResponseCodec.java:200)
at org.openqa.selenium.remote.codec.w3c.W3CHttpResponseCodec.decode(W3CHttpResponseCodec.java:133)
at org.openqa.selenium.remote.codec.w3c.W3CHttpResponseCodec.decode(W3CHttpResponseCodec.java:52)
at org.openqa.selenium.remote.HttpCommandExecutor.execute(HttpCommandExecutor.java:191)
at org.openqa.selenium.remote.service.DriverCommandExecutor.invokeExecute(DriverCommandExecutor.java:200)
at org.openqa.selenium.remote.service.DriverCommandExecutor.execute(DriverCommandExecutor.java:175)
at org.openqa.selenium.remote.RemoteWebDriver.execute(RemoteWebDriver.java:607)
at org.openqa.selenium.remote.ElementLocation$ElementFinder$2.findElement(ElementLocation.java:165)
at org.openqa.selenium.remote.ElementLocation.findElement(ElementLocation.java:59)
at org.openqa.selenium.remote.RemoteWebDriver.findElement(RemoteWebDriver.java:364)
at org.openqa.selenium.remote.RemoteWebDriver.findElement(RemoteWebDriver.java:358)
at page.productPage.click_the_bagpack_picture(productPage.java:10)
at stepDefination.productPageStep.click_the_bagpack_picture(productPageStep.java:10)
at âœ½.Click  the bagpack picture(file:///C:/Users/dell/Desktop/apache-maven-3.9.4/bin/com.selenium3/src/test/java/features/checkout.feature:30)
]]>
    </error>
  </testcase> <!-- runScenario -->
  <system-out/>
  <testcase classname="cucumber.Options.runner" name="runScenario" time="4.609"/>
  <system-out/>
  <testcase classname="cucumber.Options.runner" name="runScenario" time="2.954"/>
  <system-out/>
  <testcase classname="cucumber.Options.runner" name="runScenario" time="3.171"/>
  <system-out/>
  <testcase classname="cucumber.Options.runner" name="runScenario" time="15.221"/>
  <system-out/>
  <testcase classname="cucumber.Options.runner" name="runScenario" time="4.970"/>
  <system-out/>
  <testcase classname="cucumber.Options.runner" name="runScenario" time="7.195"/>
  <system-out/>
  <testcase classname="cucumber.Options.runner" name="runScenario" time="4.063"/>
  <system-out/>
  <testcase classname="cucumber.Options.runner" name="runScenario" time="16.792"/>
  <system-out/>
  <testcase classname="cucumber.Options.runner" name="runScenario" time="5.406"/>
  <system-out/>
  <testcase classname="cucumber.Options.runner" name="runScenario" time="3.113"/>
  <system-out/>
  <testcase classname="cucumber.Options.runner" name="runScenario" time="4.618"/>
  <system-out/>
  <testcase classname="cucumber.Options.runner" name="runScenario" time="4.318"/>
  <system-out/>
  <testcase classname="cucumber.Options.runner" name="runScenario" time="8.157"/>
  <system-out/>
  <testcase classname="cucumber.Options.runner" name="runScenario" time="4.069"/>
  <system-out/>
</testsuite> <!-- cucumber.Options.runner -->
